2026-05-13 22:42:15 [ERROR] Помилка завантаження: No suitable driver found for jdbc:sqlite:stones.db
2026-05-13 22:42:18 [ERROR] Помилка завантаження: No suitable driver found for jdbc:sqlite:stones.db
2026-05-13 22:42:35 [ERROR] Помилка збереження: No suitable driver found for jdbc:sqlite:stones.db
2026-05-13 22:42:35 [ERROR] Помилка завантаження: No suitable driver found for jdbc:sqlite:stones.db
2026-05-13 22:42:40 [ERROR] Помилка завантаження: No suitable driver found for jdbc:sqlite:stones.db
2026-05-13 22:42:51 [ERROR] Помилка збереження: No suitable driver found for jdbc:sqlite:stones.db
2026-05-13 22:42:51 [ERROR] Помилка завантаження: No suitable driver found for jdbc:sqlite:stones.db
2026-05-13 22:49:45 [INFO] Завантажено каменів: 0
2026-05-13 22:49:47 [INFO] Завантажено каменів: 0
2026-05-13 22:49:59 [INFO] Збережено камінь: Алмаз
2026-05-13 22:49:59 [INFO] Завантажено каменів: 1
2026-05-13 22:50:30 [INFO] Завантажено каменів: 1
2026-05-13 22:50:35 [INFO] Завантажено каменів: 1
2026-05-13 22:50:54 [WARN] БАЗУ ОЧИЩЕНО
2026-05-13 22:50:54 [INFO] Завантажено каменів: 0
2026-05-13 22:53:29 [INFO] Завантажено каменів: 0
2026-05-13 22:53:35 [INFO] Завантажено каменів: 0
2026-05-13 22:53:57 [INFO] Збережено камінь: Алмаз
2026-05-13 22:53:58 [INFO] Завантажено каменів: 1
2026-05-13 22:53:59 [INFO] Завантажено каменів: 1
2026-05-13 22:54:05 [INFO] Завантажено каменів: 1
2026-05-13 22:54:36 [INFO] Збережено камінь: Сапфір
2026-05-13 22:54:36 [INFO] Завантажено каменів: 2
2026-05-13 22:54:48 [INFO] Завантажено каменів: 2
2026-05-13 22:54:51 [WARN] БАЗУ ОЧИЩЕНО
2026-05-13 22:54:52 [INFO] Завантажено каменів: 0
2026-05-13 23:00:26 [INFO] Завантажено каменів: 0
трав. 13, 2026 11:14:17 ПП Main main
INFO: Програма 'Ювелірна Майстерня' запущена.
2026-05-13 23:14:17 [WARN] БАЗУ ОЧИЩЕНО
2026-05-13 23:14:17 [INFO] Завантажено каменів: 0
трав. 13, 2026 11:14:17 ПП Main main
INFO: Програма завершила роботу.
трав. 13, 2026 11:14:17 ПП commands.CreateNecklaceCommand execute
INFO: User created necklace: GoldNecklace
трав. 13, 2026 11:14:17 ПП commands.CreateStoneCommand execute
INFO: User created stone: [Вільний] Diamond (5,00 carats, Clarity: 10, Value: $5000,00)
трав. 13, 2026 11:14:17 ПП commands.CreateStoneCommand execute
INFO: User created stone: [Вільний] Amber (10,00 carats, Clarity: 5, Value: $500,00)
2026-05-13 23:14:17 [WARN] БАЗУ ОЧИЩЕНО
2026-05-13 23:14:17 [INFO] Збережено камінь: Ruby
2026-05-13 23:14:17 [INFO] Збережено камінь: Amber
трав. 13, 2026 11:20:32 ПП Main main
INFO: Програма 'Ювелірна Майстерня' запущена.
2026-05-13 23:20:32 [WARN] БАЗУ ОЧИЩЕНО
2026-05-13 23:20:32 [INFO] Завантажено каменів: 0
трав. 13, 2026 11:20:32 ПП Main main
INFO: Програма завершила роботу.
трав. 13, 2026 11:20:32 ПП commands.CreateNecklaceCommand execute
INFO: User created necklace: GoldNecklace
трав. 13, 2026 11:20:32 ПП commands.CreateStoneCommand execute
INFO: User created stone: [Вільний] Diamond (5,00 carats, Clarity: 10, Value: $5000,00)
трав. 13, 2026 11:20:32 ПП commands.CreateStoneCommand execute
INFO: User created stone: [Вільний] Amber (10,00 carats, Clarity: 5, Value: $500,00)
2026-05-13 23:20:32 [WARN] БАЗУ ОЧИЩЕНО
2026-05-13 23:20:32 [INFO] Збережено камінь: Ruby
2026-05-13 23:20:32 [INFO] Збережено камінь: Amber
трав. 13, 2026 11:25:04 ПП Main main
INFO: Програма 'Ювелірна Майстерня' запущена.
2026-05-13 23:25:04 [WARN] БАЗУ ОЧИЩЕНО
2026-05-13 23:25:04 [INFO] Завантажено каменів: 0
трав. 13, 2026 11:25:04 ПП Main main
INFO: Програма завершила роботу.
трав. 13, 2026 11:25:04 ПП commands.CreateNecklaceCommand execute
INFO: User created necklace: GoldNecklace
трав. 13, 2026 11:25:04 ПП commands.CreateStoneCommand execute
INFO: User created stone: [Вільний] Diamond (5,00 carats, Clarity: 10, Value: $5000,00)
трав. 13, 2026 11:25:04 ПП commands.CreateStoneCommand execute
INFO: User created stone: [Вільний] Amber (10,00 carats, Clarity: 5, Value: $500,00)
2026-05-13 23:25:04 [INFO] Завантажено каменів: 0
2026-05-13 23:25:04 [INFO] Збережено камінь: Тест
2026-05-13 23:25:04 [WARN] БАЗУ ОЧИЩЕНО
2026-05-13 23:25:04 [INFO] Збережено камінь: Ruby
2026-05-13 23:25:04 [INFO] Збережено камінь: Amber
2026-05-13 23:26:50 [INFO] Завантажено каменів: 2
2026-05-13 23:27:06 [INFO] Завантажено каменів: 2
2026-05-13 23:28:25 [WARN] БАЗУ ОЧИЩЕНО
2026-05-13 23:28:25 [INFO] Завантажено каменів: 0
трав. 13, 2026 11:29:47 ПП Main main
INFO: Програма 'Ювелірна Майстерня' запущена.
2026-05-13 23:29:47 [WARN] БАЗУ ОЧИЩЕНО
2026-05-13 23:29:47 [INFO] Завантажено каменів: 0
трав. 13, 2026 11:29:47 ПП Main main
INFO: Програма завершила роботу.
трав. 13, 2026 11:29:47 ПП commands.CreateNecklaceCommand execute
INFO: User created necklace: GoldNecklace
трав. 13, 2026 11:29:47 ПП commands.CreateStoneCommand execute
INFO: User created stone: [Вільний] Diamond (5,00 carats, Clarity: 10, Value: $5000,00)
трав. 13, 2026 11:29:47 ПП commands.CreateStoneCommand execute
INFO: User created stone: [Вільний] Amber (10,00 carats, Clarity: 5, Value: $500,00)
2026-05-13 23:29:47 [INFO] Завантажено каменів: 0
2026-05-13 23:29:47 [INFO] Збережено камінь: Тест
2026-05-13 23:29:47 [WARN] БАЗУ ОЧИЩЕНО
2026-05-13 23:29:47 [INFO] Збережено камінь: Ruby
2026-05-13 23:29:47 [INFO] Збережено камінь: Amber
2026-05-16 21:47:33 [INFO] Завантажено каменів: 2
2026-05-16 21:47:57 [WARN] БАЗУ ОЧИЩЕНО
2026-05-16 21:47:57 [INFO] Завантажено каменів: 0
2026-05-16 21:48:18 [INFO] Збережено камінь: Алмаз
2026-05-16 21:48:18 [INFO] Завантажено каменів: 1
2026-05-16 21:48:33 [INFO] Завантажено каменів: 1
2026-05-16 21:48:38 [WARN] БАЗУ ОЧИЩЕНО
2026-05-16 21:48:38 [INFO] Завантажено каменів: 0
2026-05-16 21:53:44 [INFO] Завантажено каменів: 0
2026-05-16 21:59:13 [INFO] Завантажено каменів: 0
трав. 16, 2026 10:01:03 ПП Main main
INFO: Програма 'Ювелірна Майстерня' запущена.
2026-05-16 22:01:03 [WARN] БАЗУ ОЧИЩЕНО
2026-05-16 22:01:03 [INFO] Завантажено каменів: 0
трав. 16, 2026 10:01:03 ПП Main main
INFO: Програма завершила роботу.
трав. 16, 2026 10:01:03 ПП commands.CreateNecklaceCommand execute
INFO: User created necklace: GoldNecklace
трав. 16, 2026 10:01:03 ПП commands.CreateStoneCommand execute
INFO: User created stone: [Вільний] Diamond (5,00 carats, Clarity: 10, Value: $5000,00)
трав. 16, 2026 10:01:03 ПП commands.CreateStoneCommand execute
INFO: User created stone: [Вільний] Amber (10,00 carats, Clarity: 5, Value: $500,00)
2026-05-16 22:01:03 [INFO] Завантажено каменів: 0
2026-05-16 22:01:03 [INFO] Збережено камінь: Тест
2026-05-16 22:01:03 [WARN] БАЗУ ОЧИЩЕНО
2026-05-16 22:01:03 [INFO] Збережено камінь: Ruby
2026-05-16 22:01:03 [INFO] Збережено камінь: Amber
2026-05-16 22:09:23 [INFO] Завантажено каменів: 2
2026-05-16 22:09:28 [WARN] БАЗУ ОЧИЩЕНО
2026-05-16 22:09:28 [INFO] Завантажено каменів: 0
2026-05-16 22:18:45 [INFO] Завантажено каменів: 0
2026-05-16 22:19:00 [INFO] Збережено камінь: Карат
2026-05-16 22:19:00 [INFO] Завантажено каменів: 1
2026-05-16 22:19:08 [INFO] Завантажено каменів: 1
2026-05-16 22:19:11 [WARN] БАЗУ ОЧИЩЕНО
2026-05-16 22:19:11 [INFO] Завантажено каменів: 0
2026-05-17 18:57:52 [INFO] Завантажено каменів: 0
2026-05-17 18:58:00 [INFO] Завантажено каменів: 0
2026-05-17 18:59:05 [INFO] Збережено камінь: Алмаз
2026-05-17 18:59:05 [INFO] Завантажено каменів: 1
2026-05-17 18:59:23 [INFO] Збережено камінь: Рубін
2026-05-17 18:59:23 [INFO] Завантажено каменів: 2
2026-05-17 18:59:25 [INFO] Завантажено каменів: 2
2026-05-17 18:59:37 [INFO] Збережено камінь: Сапфір
2026-05-17 18:59:37 [INFO] Завантажено каменів: 3
2026-05-17 19:00:02 [INFO] Завантажено каменів: 3
2026-05-17 19:00:08 [INFO] Завантажено каменів: 3
2026-05-17 19:01:15 [INFO] Завантажено каменів: 3
2026-05-17 19:01:39 [WARN] БАЗУ ОЧИЩЕНО
2026-05-17 19:01:39 [INFO] Завантажено каменів: 0
трав. 17, 2026 7:02:16 ПП Main main
INFO: Програма 'Ювелірна Майстерня' запущена.
2026-05-17 19:02:16 [WARN] БАЗУ ОЧИЩЕНО
2026-05-17 19:02:16 [INFO] Завантажено каменів: 0
трав. 17, 2026 7:02:16 ПП Main main
INFO: Програма завершила роботу.
трав. 17, 2026 7:02:16 ПП commands.CreateNecklaceCommand execute
INFO: User created necklace: GoldNecklace
трав. 17, 2026 7:02:16 ПП commands.CreateStoneCommand execute
INFO: User created stone: [Вільний] Diamond (5,00 carats, Clarity: 10, Value: $5000,00)
трав. 17, 2026 7:02:16 ПП commands.CreateStoneCommand execute
INFO: User created stone: [Вільний] Amber (10,00 carats, Clarity: 5, Value: $500,00)
2026-05-17 19:02:16 [INFO] Завантажено каменів: 0
2026-05-17 19:02:16 [INFO] Збережено камінь: Тест
2026-05-17 19:02:16 [WARN] БАЗУ ОЧИЩЕНО
2026-05-17 19:02:16 [INFO] Збережено камінь: Ruby
2026-05-17 19:02:16 [INFO] Збережено камінь: Amber
трав. 17, 2026 7:23:50 ПП Main main
INFO: Програма 'Ювелірна Майстерня' запущена.
2026-05-17 19:23:50 [WARN] БАЗУ ОЧИЩЕНО
2026-05-17 19:23:50 [INFO] Завантажено каменів: 0
трав. 17, 2026 7:23:50 ПП Main main
INFO: Програма завершила роботу.
трав. 17, 2026 7:23:50 ПП commands.CreateNecklaceCommand execute
INFO: User created necklace: GoldNecklace
трав. 17, 2026 7:23:50 ПП commands.CreateStoneCommand execute
INFO: User created stone: [Вільний] Diamond (5,00 carats, Clarity: 10, Value: $5000,00)
трав. 17, 2026 7:23:50 ПП commands.CreateStoneCommand execute
INFO: User created stone: [Вільний] Amber (10,00 carats, Clarity: 5, Value: $500,00)
2026-05-17 19:23:50 [INFO] Завантажено каменів: 0
2026-05-17 19:23:50 [INFO] Збережено камінь: Тест
2026-05-17 19:23:50 [WARN] БАЗУ ОЧИЩЕНО
2026-05-17 19:23:50 [INFO] Збережено камінь: Ruby
2026-05-17 19:23:50 [INFO] Збережено камінь: Amber
2026-05-18 19:01:13 [INFO] Завантажено каменів: 2
2026-05-18 19:01:17 [WARN] БАЗУ ОЧИЩЕНО
2026-05-18 19:01:17 [INFO] Завантажено каменів: 0
